19:53:19 WARN  :  [Hsm 55-1484] MSS file doesn't have NAME. So assuming NAME as system
19:53:19 ERROR :  [Hsm 55-1594] Core gpio of version 3.00.a not found in repositories
 [Hsm 55-1594] Core gpio of version 3.00.a not found in repositories
 [Hsm 55-1594] Core gpio of version 3.00.a not found in repositories
 [Hsm 55-1594] Core devcfg of version 2.01.a not found in repositories
 [Hsm 55-1594] Core dmaps of version 1.04.a not found in repositories
 [Hsm 55-1594] Core dmaps of version 1.04.a not found in repositories
 [Hsm 55-1594] Core emacps of version 1.02.a not found in repositories
 [Hsm 55-1594] Core iicps of version 1.02.a not found in repositories
 [Hsm 55-1594] Core qspips of version 2.00.a not found in repositories
 [Hsm 55-1594] Core scugic of version 1.02.a not found in repositories
 [Hsm 55-1594] Core uartps of version 1.03.a not found in repositories
 [Hsm 55-1594] Core uartlite of version 2.00.a not found in repositories
 [Hsm 55-1594] Core sysmon of version 5.02.a not found in repositories
 [Hsm 55-1594] Core tmrctr of version 2.04.a not found in repositories
 [Hsm 55-1594] Core tmrctr of version 2.04.a not found in repositories
 [Hsm 55-1594] Core tmrctr of version 2.04.a not found in repositories
 [Hsm 55-1594] Core spi of version 3.04.a not found in repositories
 [Hsm 55-1594] Core gpio of version 3.00.a not found in repositories
 [Hsm 55-1594] Core gpio of version 3.00.a not found in repositories
 [Hsm 55-1594] Core standalone of version 3.08.a not found in repositories
19:53:19 WARN  :  [Hsm 55-1484] MSS file doesn't have NAME. So assuming NAME as system
19:53:19 ERROR :  [Hsm 55-1594] Core gpio of version 3.00.a not found in repositories
 [Hsm 55-1594] Core gpio of version 3.00.a not found in repositories
 [Hsm 55-1594] Core gpio of version 3.00.a not found in repositories
 [Hsm 55-1594] Core devcfg of version 2.01.a not found in repositories
 [Hsm 55-1594] Core dmaps of version 1.04.a not found in repositories
 [Hsm 55-1594] Core dmaps of version 1.04.a not found in repositories
 [Hsm 55-1594] Core emacps of version 1.02.a not found in repositories
 [Hsm 55-1594] Core iicps of version 1.02.a not found in repositories
 [Hsm 55-1594] Core qspips of version 2.00.a not found in repositories
 [Hsm 55-1594] Core scugic of version 1.02.a not found in repositories
 [Hsm 55-1594] Core uartps of version 1.03.a not found in repositories
 [Hsm 55-1594] Core uartlite of version 2.00.a not found in repositories
 [Hsm 55-1594] Core sysmon of version 5.02.a not found in repositories
 [Hsm 55-1594] Core tmrctr of version 2.04.a not found in repositories
 [Hsm 55-1594] Core tmrctr of version 2.04.a not found in repositories
 [Hsm 55-1594] Core tmrctr of version 2.04.a not found in repositories
 [Hsm 55-1594] Core spi of version 3.04.a not found in repositories
 [Hsm 55-1594] Core gpio of version 3.00.a not found in repositories
 [Hsm 55-1594] Core gpio of version 3.00.a not found in repositories
 [Hsm 55-1594] Core standalone of version 3.08.a not found in repositories
19:53:19 WARN  :  [Hsm 55-1484] MSS file doesn't have NAME. So assuming NAME as system
19:53:19 ERROR :  [Hsm 55-1594] Core gpio of version 3.00.a not found in repositories
 [Hsm 55-1594] Core gpio of version 3.00.a not found in repositories
 [Hsm 55-1594] Core gpio of version 3.00.a not found in repositories
 [Hsm 55-1594] Core devcfg of version 2.01.a not found in repositories
 [Hsm 55-1594] Core dmaps of version 1.04.a not found in repositories
 [Hsm 55-1594] Core dmaps of version 1.04.a not found in repositories
 [Hsm 55-1594] Core emacps of version 1.02.a not found in repositories
 [Hsm 55-1594] Core iicps of version 1.02.a not found in repositories
 [Hsm 55-1594] Core qspips of version 2.00.a not found in repositories
 [Hsm 55-1594] Core scugic of version 1.02.a not found in repositories
 [Hsm 55-1594] Core uartps of version 1.03.a not found in repositories
 [Hsm 55-1594] Core uartlite of version 2.00.a not found in repositories
 [Hsm 55-1594] Core sysmon of version 5.02.a not found in repositories
 [Hsm 55-1594] Core tmrctr of version 2.04.a not found in repositories
 [Hsm 55-1594] Core tmrctr of version 2.04.a not found in repositories
 [Hsm 55-1594] Core tmrctr of version 2.04.a not found in repositories
 [Hsm 55-1594] Core spi of version 3.04.a not found in repositories
 [Hsm 55-1594] Core gpio of version 3.00.a not found in repositories
 [Hsm 55-1594] Core gpio of version 3.00.a not found in repositories
 [Hsm 55-1594] Core standalone of version 3.08.a not found in repositories
 [Hsm 55-1430] Driver Name is empty
19:53:19 WARN  :  [Hsm 55-1484] MSS file doesn't have NAME. So assuming NAME as system
19:53:19 ERROR :  [Hsm 55-1594] Core gpio of version 3.00.a not found in repositories
 [Hsm 55-1594] Core gpio of version 3.00.a not found in repositories
 [Hsm 55-1594] Core gpio of version 3.00.a not found in repositories
 [Hsm 55-1594] Core devcfg of version 2.01.a not found in repositories
 [Hsm 55-1594] Core dmaps of version 1.04.a not found in repositories
 [Hsm 55-1594] Core dmaps of version 1.04.a not found in repositories
 [Hsm 55-1594] Core emacps of version 1.02.a not found in repositories
 [Hsm 55-1594] Core iicps of version 1.02.a not found in repositories
 [Hsm 55-1594] Core qspips of version 2.00.a not found in repositories
 [Hsm 55-1594] Core scugic of version 1.02.a not found in repositories
 [Hsm 55-1594] Core uartps of version 1.03.a not found in repositories
 [Hsm 55-1594] Core uartlite of version 2.00.a not found in repositories
 [Hsm 55-1594] Core sysmon of version 5.02.a not found in repositories
 [Hsm 55-1594] Core tmrctr of version 2.04.a not found in repositories
 [Hsm 55-1594] Core tmrctr of version 2.04.a not found in repositories
 [Hsm 55-1594] Core tmrctr of version 2.04.a not found in repositories
 [Hsm 55-1594] Core spi of version 3.04.a not found in repositories
 [Hsm 55-1594] Core gpio of version 3.00.a not found in repositories
 [Hsm 55-1594] Core gpio of version 3.00.a not found in repositories
 [Hsm 55-1594] Core standalone of version 3.08.a not found in repositories
19:53:19 WARN  :  [Hsm 55-1484] MSS file doesn't have NAME. So assuming NAME as system
19:53:19 ERROR :  [Hsm 55-1594] Core gpio of version 3.00.a not found in repositories
 [Hsm 55-1594] Core gpio of version 3.00.a not found in repositories
 [Hsm 55-1594] Core gpio of version 3.00.a not found in repositories
 [Hsm 55-1594] Core devcfg of version 2.01.a not found in repositories
 [Hsm 55-1594] Core dmaps of version 1.04.a not found in repositories
 [Hsm 55-1594] Core dmaps of version 1.04.a not found in repositories
 [Hsm 55-1594] Core emacps of version 1.02.a not found in repositories
 [Hsm 55-1594] Core iicps of version 1.02.a not found in repositories
 [Hsm 55-1594] Core qspips of version 2.00.a not found in repositories
 [Hsm 55-1594] Core scugic of version 1.02.a not found in repositories
 [Hsm 55-1594] Core uartps of version 1.03.a not found in repositories
 [Hsm 55-1594] Core uartlite of version 2.00.a not found in repositories
 [Hsm 55-1594] Core sysmon of version 5.02.a not found in repositories
 [Hsm 55-1594] Core tmrctr of version 2.04.a not found in repositories
 [Hsm 55-1594] Core tmrctr of version 2.04.a not found in repositories
 [Hsm 55-1594] Core tmrctr of version 2.04.a not found in repositories
 [Hsm 55-1594] Core spi of version 3.04.a not found in repositories
 [Hsm 55-1594] Core gpio of version 3.00.a not found in repositories
 [Hsm 55-1594] Core gpio of version 3.00.a not found in repositories
 [Hsm 55-1594] Core standalone of version 3.08.a not found in repositories
19:53:19 WARN  :  [Hsm 55-1484] MSS file doesn't have NAME. So assuming NAME as system
 [Hsm 55-1484] MSS file doesn't have NAME. So assuming NAME as system
19:54:07 WARN  :  [Hsm 55-1484] MSS file doesn't have NAME. So assuming NAME as system
19:54:13 WARN  :  [Hsm 55-1484] MSS file doesn't have NAME. So assuming NAME as system
 [Hsm 55-1484] MSS file doesn't have NAME. So assuming NAME as system
19:54:25 WARN  :  [Hsm 55-1484] MSS file doesn't have NAME. So assuming NAME as system
19:54:28 WARN  :  [Hsm 55-1484] MSS file doesn't have NAME. So assuming NAME as system
 [Hsm 55-1484] MSS file doesn't have NAME. So assuming NAME as system
19:54:31 WARN  :  [Hsm 55-1484] MSS file doesn't have NAME. So assuming NAME as system
19:54:33 WARN  :  [Hsm 55-1484] MSS file doesn't have NAME. So assuming NAME as system
19:54:39 INFO  : Processor reset is completed for ps7_cortexa9_0
19:54:40 ERROR : Unexpected error while launching program.
java.lang.RuntimeException: Failed to download ELF file


    Cannot access DDR: the controller is held in reset

	at com.xilinx.sdk.targetmanager.internal.TM.downloadELF(TM.java:752)
	at com.xilinx.sdk.debug.core.internal.AppRunner.run(AppRunner.java:129)
	at com.xilinx.sdk.debug.core.XilinxAppLaunchConfigurationDelegate.runApplication(XilinxAppLaunchConfigurationDelegate.java:534)
	at com.xilinx.sdk.debug.core.XilinxAppLaunchConfigurationDelegate.launch(XilinxAppLaunchConfigurationDelegate.java:252)
	at com.xilinx.sdk.debug.ui.XilinxAppLaunchDelegateWrapper.launch(XilinxAppLaunchDelegateWrapper.java:31)
	at org.eclipse.debug.internal.core.LaunchConfiguration.launch(LaunchConfiguration.java:855)
	at org.eclipse.debug.internal.core.LaunchConfiguration.launch(LaunchConfiguration.java:704)
	at org.eclipse.debug.internal.ui.DebugUIPlugin.buildAndLaunch(DebugUIPlugin.java:1047)
	at org.eclipse.debug.internal.ui.DebugUIPlugin$8.run(DebugUIPlugin.java:1251)
	at org.eclipse.core.internal.jobs.Worker.run(Worker.java:54)
19:54:45 WARN  :  [Hsm 55-1484] MSS file doesn't have NAME. So assuming NAME as system
19:54:48 WARN  :  [Hsm 55-1484] MSS file doesn't have NAME. So assuming NAME as system
 [Hsm 55-1484] MSS file doesn't have NAME. So assuming NAME as system
19:54:52 WARN  :  [Hsm 55-1484] MSS file doesn't have NAME. So assuming NAME as system
19:54:55 WARN  :  [Hsm 55-1484] MSS file doesn't have NAME. So assuming NAME as system
19:54:55 WARN  :  [Hsm 55-1484] MSS file doesn't have NAME. So assuming NAME as system
19:54:55 WARN  :  [Hsm 55-1484] MSS file doesn't have NAME. So assuming NAME as system
19:55:11 WARN  :  [Hsm 55-1484] MSS file doesn't have NAME. So assuming NAME as system
19:55:13 WARN  :  [Hsm 55-1484] MSS file doesn't have NAME. So assuming NAME as system
19:55:36 WARN  :  [Hsm 55-1484] MSS file doesn't have NAME. So assuming NAME as system
 [Hsm 55-1484] MSS file doesn't have NAME. So assuming NAME as system
19:55:52 WARN  :  [Hsm 55-1484] MSS file doesn't have NAME. So assuming NAME as system
19:56:18 WARN  :  [Hsm 55-1484] MSS file doesn't have NAME. So assuming NAME as system
19:56:18 WARN  :  [Hsm 55-1484] MSS file doesn't have NAME. So assuming NAME as system
19:56:18 WARN  :  [Hsm 55-1484] MSS file doesn't have NAME. So assuming NAME as system
19:56:28 WARN  :  [Hsm 55-1484] MSS file doesn't have NAME. So assuming NAME as system
19:56:34 WARN  :  [Hsm 55-1484] MSS file doesn't have NAME. So assuming NAME as system
 [Hsm 55-1484] MSS file doesn't have NAME. So assuming NAME as system
19:56:42 WARN  :  [Hsm 55-1484] MSS file doesn't have NAME. So assuming NAME as system
19:56:45 WARN  :  [Hsm 55-1484] MSS file doesn't have NAME. So assuming NAME as system
19:56:56 WARN  :  [Hsm 55-1484] MSS file doesn't have NAME. So assuming NAME as system
19:56:58 WARN  :  [Hsm 55-1484] MSS file doesn't have NAME. So assuming NAME as system
19:57:05 WARN  :  [Hsm 55-1484] MSS file doesn't have NAME. So assuming NAME as system
19:57:07 WARN  :  [Hsm 55-1484] MSS file doesn't have NAME. So assuming NAME as system
 [Hsm 55-1484] MSS file doesn't have NAME. So assuming NAME as system
19:57:07 ERROR : Unexpected error while parsing XMD response ?: com.google.gson.JsonSyntaxException: com.google.gson.stream.MalformedJsonException: invalid number or unquoted string near 
19:58:07 WARN  :  [Hsm 55-1484] MSS file doesn't have NAME. So assuming NAME as system
19:58:07 ERROR :  [Hsm 55-1594] Core gpio of version 3.00.a not found in repositories
 [Hsm 55-1594] Core gpio of version 3.00.a not found in repositories
 [Hsm 55-1594] Core gpio of version 3.00.a not found in repositories
 [Hsm 55-1594] Core devcfg of version 2.01.a not found in repositories
 [Hsm 55-1594] Core dmaps of version 1.04.a not found in repositories
 [Hsm 55-1594] Core dmaps of version 1.04.a not found in repositories
 [Hsm 55-1594] Core emacps of version 1.02.a not found in repositories
 [Hsm 55-1594] Core iicps of version 1.02.a not found in repositories
 [Hsm 55-1594] Core qspips of version 2.00.a not found in repositories
 [Hsm 55-1594] Core scugic of version 1.02.a not found in repositories
 [Hsm 55-1594] Core uartps of version 1.03.a not found in repositories
 [Hsm 55-1594] Core uartlite of version 2.00.a not found in repositories
 [Hsm 55-1594] Core sysmon of version 5.02.a not found in repositories
 [Hsm 55-1594] Core tmrctr of version 2.04.a not found in repositories
 [Hsm 55-1594] Core tmrctr of version 2.04.a not found in repositories
 [Hsm 55-1594] Core tmrctr of version 2.04.a not found in repositories
 [Hsm 55-1594] Core spi of version 3.04.a not found in repositories
 [Hsm 55-1594] Core gpio of version 3.00.a not found in repositories
 [Hsm 55-1594] Core gpio of version 3.00.a not found in repositories
 [Hsm 55-1594] Core standalone of version 3.08.a not found in repositories
19:58:07 WARN  :  [Hsm 55-1484] MSS file doesn't have NAME. So assuming NAME as system
19:58:07 ERROR :  [Hsm 55-1594] Core gpio of version 3.00.a not found in repositories
 [Hsm 55-1594] Core gpio of version 3.00.a not found in repositories
 [Hsm 55-1594] Core gpio of version 3.00.a not found in repositories
 [Hsm 55-1594] Core devcfg of version 2.01.a not found in repositories
 [Hsm 55-1594] Core dmaps of version 1.04.a not found in repositories
 [Hsm 55-1594] Core dmaps of version 1.04.a not found in repositories
 [Hsm 55-1594] Core emacps of version 1.02.a not found in repositories
 [Hsm 55-1594] Core iicps of version 1.02.a not found in repositories
 [Hsm 55-1594] Core qspips of version 2.00.a not found in repositories
 [Hsm 55-1594] Core scugic of version 1.02.a not found in repositories
 [Hsm 55-1594] Core uartps of version 1.03.a not found in repositories
 [Hsm 55-1594] Core uartlite of version 2.00.a not found in repositories
 [Hsm 55-1594] Core sysmon of version 5.02.a not found in repositories
 [Hsm 55-1594] Core tmrctr of version 2.04.a not found in repositories
 [Hsm 55-1594] Core tmrctr of version 2.04.a not found in repositories
 [Hsm 55-1594] Core tmrctr of version 2.04.a not found in repositories
 [Hsm 55-1594] Core spi of version 3.04.a not found in repositories
 [Hsm 55-1594] Core gpio of version 3.00.a not found in repositories
 [Hsm 55-1594] Core gpio of version 3.00.a not found in repositories
 [Hsm 55-1594] Core standalone of version 3.08.a not found in repositories
19:58:07 WARN  :  [Hsm 55-1484] MSS file doesn't have NAME. So assuming NAME as system
19:58:07 ERROR :  [Hsm 55-1594] Core gpio of version 3.00.a not found in repositories
 [Hsm 55-1594] Core gpio of version 3.00.a not found in repositories
 [Hsm 55-1594] Core gpio of version 3.00.a not found in repositories
 [Hsm 55-1594] Core devcfg of version 2.01.a not found in repositories
 [Hsm 55-1594] Core dmaps of version 1.04.a not found in repositories
 [Hsm 55-1594] Core dmaps of version 1.04.a not found in repositories
 [Hsm 55-1594] Core emacps of version 1.02.a not found in repositories
 [Hsm 55-1594] Core iicps of version 1.02.a not found in repositories
 [Hsm 55-1594] Core qspips of version 2.00.a not found in repositories
 [Hsm 55-1594] Core scugic of version 1.02.a not found in repositories
 [Hsm 55-1594] Core uartps of version 1.03.a not found in repositories
 [Hsm 55-1594] Core uartlite of version 2.00.a not found in repositories
 [Hsm 55-1594] Core sysmon of version 5.02.a not found in repositories
 [Hsm 55-1594] Core tmrctr of version 2.04.a not found in repositories
 [Hsm 55-1594] Core tmrctr of version 2.04.a not found in repositories
 [Hsm 55-1594] Core tmrctr of version 2.04.a not found in repositories
 [Hsm 55-1594] Core spi of version 3.04.a not found in repositories
 [Hsm 55-1594] Core gpio of version 3.00.a not found in repositories
 [Hsm 55-1594] Core gpio of version 3.00.a not found in repositories
 [Hsm 55-1594] Core standalone of version 3.08.a not found in repositories
19:58:16 WARN  :  [Hsm 55-1484] MSS file doesn't have NAME. So assuming NAME as system
19:58:16 ERROR :  [Hsm 55-1594] Core gpio of version 3.00.a not found in repositories
 [Hsm 55-1594] Core gpio of version 3.00.a not found in repositories
 [Hsm 55-1594] Core gpio of version 3.00.a not found in repositories
 [Hsm 55-1594] Core devcfg of version 2.01.a not found in repositories
 [Hsm 55-1594] Core dmaps of version 1.04.a not found in repositories
 [Hsm 55-1594] Core dmaps of version 1.04.a not found in repositories
 [Hsm 55-1594] Core emacps of version 1.02.a not found in repositories
 [Hsm 55-1594] Core iicps of version 1.02.a not found in repositories
 [Hsm 55-1594] Core qspips of version 2.00.a not found in repositories
 [Hsm 55-1594] Core scugic of version 1.02.a not found in repositories
 [Hsm 55-1594] Core uartps of version 1.03.a not found in repositories
 [Hsm 55-1594] Core uartlite of version 2.00.a not found in repositories
 [Hsm 55-1594] Core sysmon of version 5.02.a not found in repositories
 [Hsm 55-1594] Core tmrctr of version 2.04.a not found in repositories
 [Hsm 55-1594] Core tmrctr of version 2.04.a not found in repositories
 [Hsm 55-1594] Core tmrctr of version 2.04.a not found in repositories
 [Hsm 55-1594] Core spi of version 3.04.a not found in repositories
 [Hsm 55-1594] Core gpio of version 3.00.a not found in repositories
 [Hsm 55-1594] Core gpio of version 3.00.a not found in repositories
 [Hsm 55-1594] Core standalone of version 3.08.a not found in repositories
19:58:28 WARN  :  [Hsm 55-1484] MSS file doesn't have NAME. So assuming NAME as system
19:58:28 ERROR :  [Hsm 55-1594] Core gpio of version 3.00.a not found in repositories
 [Hsm 55-1594] Core gpio of version 3.00.a not found in repositories
 [Hsm 55-1594] Core gpio of version 3.00.a not found in repositories
 [Hsm 55-1594] Core devcfg of version 2.01.a not found in repositories
 [Hsm 55-1594] Core dmaps of version 1.04.a not found in repositories
 [Hsm 55-1594] Core dmaps of version 1.04.a not found in repositories
 [Hsm 55-1594] Core emacps of version 1.02.a not found in repositories
 [Hsm 55-1594] Core iicps of version 1.02.a not found in repositories
 [Hsm 55-1594] Core qspips of version 2.00.a not found in repositories
 [Hsm 55-1594] Core scugic of version 1.02.a not found in repositories
 [Hsm 55-1594] Core uartps of version 1.03.a not found in repositories
 [Hsm 55-1594] Core uartlite of version 2.00.a not found in repositories
 [Hsm 55-1594] Core sysmon of version 5.02.a not found in repositories
 [Hsm 55-1594] Core tmrctr of version 2.04.a not found in repositories
 [Hsm 55-1594] Core tmrctr of version 2.04.a not found in repositories
 [Hsm 55-1594] Core tmrctr of version 2.04.a not found in repositories
 [Hsm 55-1594] Core spi of version 3.04.a not found in repositories
 [Hsm 55-1594] Core gpio of version 3.00.a not found in repositories
 [Hsm 55-1594] Core gpio of version 3.00.a not found in repositories
 [Hsm 55-1594] Core standalone of version 3.08.a not found in repositories
19:58:28 WARN  :  [Hsm 55-1484] MSS file doesn't have NAME. So assuming NAME as system
19:58:39 WARN  :  [Hsm 55-1484] MSS file doesn't have NAME. So assuming NAME as system
19:58:42 WARN  :  [Hsm 55-1484] MSS file doesn't have NAME. So assuming NAME as system
 [Hsm 55-1484] MSS file doesn't have NAME. So assuming NAME as system
19:58:57 INFO  : init_user is completed.
19:59:03 INFO  : ps7_init is completed.
19:59:03 INFO  : Processor reset is completed for ps7_cortexa9_0
19:59:19 INFO  : FPGA configured successfully with bitstream "F:/ecen330/lab2/HWTest3_hw_platform/system.bit"
20:14:41 INFO  : Processor reset is completed for ps7_cortexa9_0
20:16:13 INFO  : Processor reset is completed for ps7_cortexa9_0
20:35:33 WARN  :  [Hsm 55-1484] MSS file doesn't have NAME. So assuming NAME as system
20:35:33 WARN  :  [Hsm 55-1484] MSS file doesn't have NAME. So assuming NAME as system
 [Hsm 55-1484] MSS file doesn't have NAME. So assuming NAME as system
20:35:33 ERROR :  [Hsm 55-1430] Driver Name is empty
20:35:33 WARN  :  [Hsm 55-1484] MSS file doesn't have NAME. So assuming NAME as system
 [Hsm 55-1484] MSS file doesn't have NAME. So assuming NAME as system
20:35:33 WARN  :  [Hsm 55-1484] MSS file doesn't have NAME. So assuming NAME as system
 [Hsm 55-1484] MSS file doesn't have NAME. So assuming NAME as system
21:27:36 INFO  : init_user is completed.
21:27:39 INFO  : ps7_init is completed.
21:27:40 INFO  : Processor reset is completed for ps7_cortexa9_0
22:32:16 INFO  : ps7_cortexa9_0 Processor is in use. Please stop existing Run or Debug sessions before launching.
22:32:21 INFO  : Processor reset is completed for ps7_cortexa9_0
22:32:25 ERROR : Unexpected error while launching program.
java.lang.RuntimeException: Failed to download ELF file


    Could not stop the processor after reset


	at com.xilinx.sdk.targetmanager.internal.TM.downloadELF(TM.java:752)
	at com.xilinx.sdk.debug.core.internal.AppRunner.run(AppRunner.java:129)
	at com.xilinx.sdk.debug.core.XilinxAppLaunchConfigurationDelegate.runApplication(XilinxAppLaunchConfigurationDelegate.java:534)
	at com.xilinx.sdk.debug.core.XilinxAppLaunchConfigurationDelegate.launch(XilinxAppLaunchConfigurationDelegate.java:252)
	at com.xilinx.sdk.debug.ui.XilinxAppLaunchDelegateWrapper.launch(XilinxAppLaunchDelegateWrapper.java:31)
	at org.eclipse.debug.internal.core.LaunchConfiguration.launch(LaunchConfiguration.java:855)
	at org.eclipse.debug.internal.core.LaunchConfiguration.launch(LaunchConfiguration.java:704)
	at org.eclipse.debug.internal.ui.DebugUIPlugin.buildAndLaunch(DebugUIPlugin.java:1047)
	at org.eclipse.debug.internal.ui.DebugUIPlugin$8.run(DebugUIPlugin.java:1251)
	at org.eclipse.core.internal.jobs.Worker.run(Worker.java:54)
22:36:37 ERROR : Unexpected error while parsing XMD response ?: com.google.gson.JsonSyntaxException: com.google.gson.stream.MalformedJsonException: invalid number or unquoted string near 
22:37:52 ERROR : Unexpected error while launching program.
java.lang.RuntimeException: Error in Resetting Target

    Could not stop the processor after reset


	at com.xilinx.sdk.targetmanager.internal.TM.doProcessorReset(TM.java:1153)
	at com.xilinx.sdk.debug.core.XilinxAppLaunchConfigurationDelegate.runTargetSetup(XilinxAppLaunchConfigurationDelegate.java:431)
	at com.xilinx.sdk.debug.core.XilinxAppLaunchConfigurationDelegate.runApplication(XilinxAppLaunchConfigurationDelegate.java:513)
	at com.xilinx.sdk.debug.core.XilinxAppLaunchConfigurationDelegate.launch(XilinxAppLaunchConfigurationDelegate.java:252)
	at com.xilinx.sdk.debug.ui.XilinxAppLaunchDelegateWrapper.launch(XilinxAppLaunchDelegateWrapper.java:31)
	at org.eclipse.debug.internal.core.LaunchConfiguration.launch(LaunchConfiguration.java:855)
	at org.eclipse.debug.internal.core.LaunchConfiguration.launch(LaunchConfiguration.java:704)
	at org.eclipse.debug.internal.ui.DebugUIPlugin.buildAndLaunch(DebugUIPlugin.java:1047)
	at org.eclipse.debug.internal.ui.DebugUIPlugin$8.run(DebugUIPlugin.java:1251)
	at org.eclipse.core.internal.jobs.Worker.run(Worker.java:54)
22:38:11 INFO  : init_user is completed.
22:38:11 INFO  : ps7_init is completed.
22:38:12 INFO  : Processor reset is completed for ps7_cortexa9_0
22:38:45 WARN  :  [Hsm 55-1484] MSS file doesn't have NAME. So assuming NAME as system
22:38:45 ERROR :  [Hsm 55-1594] Core gpio of version 3.00.a not found in repositories
 [Hsm 55-1594] Core gpio of version 3.00.a not found in repositories
 [Hsm 55-1594] Core gpio of version 3.00.a not found in repositories
 [Hsm 55-1594] Core devcfg of version 2.01.a not found in repositories
 [Hsm 55-1594] Core dmaps of version 1.04.a not found in repositories
 [Hsm 55-1594] Core dmaps of version 1.04.a not found in repositories
 [Hsm 55-1594] Core emacps of version 1.02.a not found in repositories
 [Hsm 55-1594] Core iicps of version 1.02.a not found in repositories
 [Hsm 55-1594] Core qspips of version 2.00.a not found in repositories
 [Hsm 55-1594] Core scugic of version 1.02.a not found in repositories
 [Hsm 55-1594] Core uartps of version 1.03.a not found in repositories
 [Hsm 55-1594] Core uartlite of version 2.00.a not found in repositories
 [Hsm 55-1594] Core sysmon of version 5.02.a not found in repositories
 [Hsm 55-1594] Core tmrctr of version 2.04.a not found in repositories
 [Hsm 55-1594] Core tmrctr of version 2.04.a not found in repositories
 [Hsm 55-1594] Core tmrctr of version 2.04.a not found in repositories
 [Hsm 55-1594] Core spi of version 3.04.a not found in repositories
 [Hsm 55-1594] Core gpio of version 3.00.a not found in repositories
 [Hsm 55-1594] Core gpio of version 3.00.a not found in repositories
 [Hsm 55-1594] Core standalone of version 3.08.a not found in repositories
22:38:51 WARN  :  [Hsm 55-1484] MSS file doesn't have NAME. So assuming NAME as system
22:38:51 ERROR :  [Hsm 55-1594] Core gpio of version 3.00.a not found in repositories
 [Hsm 55-1594] Core gpio of version 3.00.a not found in repositories
 [Hsm 55-1594] Core gpio of version 3.00.a not found in repositories
 [Hsm 55-1594] Core devcfg of version 2.01.a not found in repositories
 [Hsm 55-1594] Core dmaps of version 1.04.a not found in repositories
 [Hsm 55-1594] Core dmaps of version 1.04.a not found in repositories
 [Hsm 55-1594] Core emacps of version 1.02.a not found in repositories
 [Hsm 55-1594] Core iicps of version 1.02.a not found in repositories
 [Hsm 55-1594] Core qspips of version 2.00.a not found in repositories
 [Hsm 55-1594] Core scugic of version 1.02.a not found in repositories
 [Hsm 55-1594] Core uartps of version 1.03.a not found in repositories
 [Hsm 55-1594] Core uartlite of version 2.00.a not found in repositories
 [Hsm 55-1594] Core sysmon of version 5.02.a not found in repositories
 [Hsm 55-1594] Core tmrctr of version 2.04.a not found in repositories
 [Hsm 55-1594] Core tmrctr of version 2.04.a not found in repositories
 [Hsm 55-1594] Core tmrctr of version 2.04.a not found in repositories
 [Hsm 55-1594] Core spi of version 3.04.a not found in repositories
 [Hsm 55-1594] Core gpio of version 3.00.a not found in repositories
 [Hsm 55-1594] Core gpio of version 3.00.a not found in repositories
 [Hsm 55-1594] Core standalone of version 3.08.a not found in repositories
22:38:52 WARN  :  [Hsm 55-1484] MSS file doesn't have NAME. So assuming NAME as system
22:38:52 ERROR :  [Hsm 55-1594] Core gpio of version 3.00.a not found in repositories
 [Hsm 55-1594] Core gpio of version 3.00.a not found in repositories
 [Hsm 55-1594] Core gpio of version 3.00.a not found in repositories
 [Hsm 55-1594] Core devcfg of version 2.01.a not found in repositories
 [Hsm 55-1594] Core dmaps of version 1.04.a not found in repositories
 [Hsm 55-1594] Core dmaps of version 1.04.a not found in repositories
 [Hsm 55-1594] Core emacps of version 1.02.a not found in repositories
 [Hsm 55-1594] Core iicps of version 1.02.a not found in repositories
 [Hsm 55-1594] Core qspips of version 2.00.a not found in repositories
 [Hsm 55-1594] Core scugic of version 1.02.a not found in repositories
 [Hsm 55-1594] Core uartps of version 1.03.a not found in repositories
 [Hsm 55-1594] Core uartlite of version 2.00.a not found in repositories
 [Hsm 55-1594] Core sysmon of version 5.02.a not found in repositories
 [Hsm 55-1594] Core tmrctr of version 2.04.a not found in repositories
 [Hsm 55-1594] Core tmrctr of version 2.04.a not found in repositories
 [Hsm 55-1594] Core tmrctr of version 2.04.a not found in repositories
 [Hsm 55-1594] Core spi of version 3.04.a not found in repositories
 [Hsm 55-1594] Core gpio of version 3.00.a not found in repositories
 [Hsm 55-1594] Core gpio of version 3.00.a not found in repositories
 [Hsm 55-1594] Core standalone of version 3.08.a not found in repositories
22:38:52 WARN  :  [Hsm 55-1484] MSS file doesn't have NAME. So assuming NAME as system
22:38:54 WARN  :  [Hsm 55-1484] MSS file doesn't have NAME. So assuming NAME as system
22:38:55 INFO  : Processor reset is completed for ps7_cortexa9_0
22:38:55 ERROR : Unexpected error while launching program.
java.lang.RuntimeException: Unknown Error Occured
    

	at com.xilinx.sdk.targetmanager.internal.TM.downloadELF(TM.java:752)
	at com.xilinx.sdk.debug.core.internal.AppRunner.run(AppRunner.java:129)
	at com.xilinx.sdk.debug.core.XilinxAppLaunchConfigurationDelegate.runApplication(XilinxAppLaunchConfigurationDelegate.java:534)
	at com.xilinx.sdk.debug.core.XilinxAppLaunchConfigurationDelegate.launch(XilinxAppLaunchConfigurationDelegate.java:252)
	at com.xilinx.sdk.debug.ui.XilinxAppLaunchDelegateWrapper.launch(XilinxAppLaunchDelegateWrapper.java:31)
	at org.eclipse.debug.internal.core.LaunchConfiguration.launch(LaunchConfiguration.java:855)
	at org.eclipse.debug.internal.core.LaunchConfiguration.launch(LaunchConfiguration.java:704)
	at org.eclipse.debug.internal.ui.DebugUIPlugin.buildAndLaunch(DebugUIPlugin.java:1047)
	at org.eclipse.debug.internal.ui.DebugUIPlugin$8.run(DebugUIPlugin.java:1251)
	at org.eclipse.core.internal.jobs.Worker.run(Worker.java:54)
22:39:02 WARN  :  [Hsm 55-1484] MSS file doesn't have NAME. So assuming NAME as system
22:48:59 WARN  :  [Hsm 55-1484] MSS file doesn't have NAME. So assuming NAME as system
 [Hsm 55-1484] MSS file doesn't have NAME. So assuming NAME as system
22:49:36 WARN  :  [Hsm 55-1484] MSS file doesn't have NAME. So assuming NAME as system
22:49:36 WARN  :  [Hsm 55-1484] MSS file doesn't have NAME. So assuming NAME as system
22:49:45 WARN  :  [Hsm 55-1484] MSS file doesn't have NAME. So assuming NAME as system
22:49:45 WARN  :  [Hsm 55-1484] MSS file doesn't have NAME. So assuming NAME as system
22:50:08 WARN  :  [Hsm 55-1484] MSS file doesn't have NAME. So assuming NAME as system
22:51:58 WARN  :  [Hsm 55-1484] MSS file doesn't have NAME. So assuming NAME as system
22:51:58 WARN  :  [Hsm 55-1484] MSS file doesn't have NAME. So assuming NAME as system
22:51:58 WARN  :  [Hsm 55-1484] MSS file doesn't have NAME. So assuming NAME as system
22:52:06 WARN  :  [Hsm 55-1484] MSS file doesn't have NAME. So assuming NAME as system
22:52:06 WARN  :  [Hsm 55-1484] MSS file doesn't have NAME. So assuming NAME as system
22:52:12 WARN  :  [Hsm 55-1484] MSS file doesn't have NAME. So assuming NAME as system
22:52:12 WARN  :  [Hsm 55-1484] MSS file doesn't have NAME. So assuming NAME as system
22:52:23 WARN  :  [Hsm 55-1484] MSS file doesn't have NAME. So assuming NAME as system
 [Hsm 55-1484] MSS file doesn't have NAME. So assuming NAME as system
22:52:23 ERROR : Unable to disconnect from existing targets
java.lang.NullPointerException
	at com.xilinx.sdk.targetmanager.internal.json.XMDJSONProcess.issueCommand(XMDJSONProcess.java:144)
	at com.xilinx.sdk.targetmanager.internal.TM.disconnectTarget(TM.java:338)
	at com.xilinx.sdk.targetmanager.internal.TM.disconnectExistingTargets(TM.java:320)
	at com.xilinx.sdk.targetmanager.internal.TM.terminate(TM.java:210)
	at com.xilinx.sdk.targetmanager.TMPlugin.stop(TMPlugin.java:57)
	at org.eclipse.osgi.framework.internal.core.BundleContextImpl$2.run(BundleContextImpl.java:771)
	at java.security.AccessController.doPrivileged(Native Method)
	at org.eclipse.osgi.framework.internal.core.BundleContextImpl.stop(BundleContextImpl.java:764)
	at org.eclipse.osgi.framework.internal.core.BundleHost.stopWorker(BundleHost.java:510)
	at org.eclipse.osgi.framework.internal.core.AbstractBundle.suspend(AbstractBundle.java:566)
	at org.eclipse.osgi.framework.internal.core.Framework.suspendBundle(Framework.java:1206)
	at org.eclipse.osgi.framework.internal.core.StartLevelManager.decFWSL(StartLevelManager.java:592)
	at org.eclipse.osgi.framework.internal.core.StartLevelManager.doSetStartLevel(StartLevelManager.java:257)
	at org.eclipse.osgi.framework.internal.core.StartLevelManager.shutdown(StartLevelManager.java:215)
	at org.eclipse.osgi.framework.internal.core.InternalSystemBundle.suspend(InternalSystemBundle.java:284)
	at org.eclipse.osgi.framework.internal.core.Framework.shutdown(Framework.java:692)
	at org.eclipse.osgi.framework.internal.core.Framework.close(Framework.java:600)
	at org.eclipse.core.runtime.adaptor.EclipseStarter.shutdown(EclipseStarter.java:399)
	at org.eclipse.core.runtime.adaptor.EclipseStarter.run(EclipseStarter.java:199)
	at sun.reflect.NativeMethodAccessorImpl.invoke0(Native Method)
	at sun.reflect.NativeMethodAccessorImpl.invoke(NativeMethodAccessorImpl.java:57)
	at sun.reflect.DelegatingMethodAccessorImpl.invoke(DelegatingMethodAccessorImpl.java:43)
	at java.lang.reflect.Method.invoke(Method.java:606)
	at org.eclipse.equinox.launcher.Main.invokeFramework(Main.java:629)
	at org.eclipse.equinox.launcher.Main.basicRun(Main.java:584)
	at org.eclipse.equinox.launcher.Main.run(Main.java:1438)
22:52:23 ERROR : Unexpected error while parsing XMD response ?: com.google.gson.JsonSyntaxException: com.google.gson.stream.MalformedJsonException: invalid number or unquoted string near 
22:52:41 WARN  :  [Hsm 55-1484] MSS file doesn't have NAME. So assuming NAME as system
22:52:41 ERROR :  [Hsm 55-1594] Core gpio of version 3.00.a not found in repositories
 [Hsm 55-1594] Core gpio of version 3.00.a not found in repositories
 [Hsm 55-1594] Core gpio of version 3.00.a not found in repositories
 [Hsm 55-1594] Core devcfg of version 2.01.a not found in repositories
 [Hsm 55-1594] Core dmaps of version 1.04.a not found in repositories
 [Hsm 55-1594] Core dmaps of version 1.04.a not found in repositories
 [Hsm 55-1594] Core emacps of version 1.02.a not found in repositories
 [Hsm 55-1594] Core iicps of version 1.02.a not found in repositories
 [Hsm 55-1594] Core qspips of version 2.00.a not found in repositories
 [Hsm 55-1594] Core scugic of version 1.02.a not found in repositories
 [Hsm 55-1594] Core uartps of version 1.03.a not found in repositories
 [Hsm 55-1594] Core uartlite of version 2.00.a not found in repositories
 [Hsm 55-1594] Core sysmon of version 5.02.a not found in repositories
 [Hsm 55-1594] Core tmrctr of version 2.04.a not found in repositories
 [Hsm 55-1594] Core tmrctr of version 2.04.a not found in repositories
 [Hsm 55-1594] Core tmrctr of version 2.04.a not found in repositories
 [Hsm 55-1594] Core spi of version 3.04.a not found in repositories
 [Hsm 55-1594] Core gpio of version 3.00.a not found in repositories
 [Hsm 55-1594] Core gpio of version 3.00.a not found in repositories
 [Hsm 55-1594] Core standalone of version 3.08.a not found in repositories
22:52:41 WARN  :  [Hsm 55-1484] MSS file doesn't have NAME. So assuming NAME as system
22:52:41 ERROR :  [Hsm 55-1594] Core gpio of version 3.00.a not found in repositories
 [Hsm 55-1594] Core gpio of version 3.00.a not found in repositories
 [Hsm 55-1594] Core gpio of version 3.00.a not found in repositories
 [Hsm 55-1594] Core devcfg of version 2.01.a not found in repositories
 [Hsm 55-1594] Core dmaps of version 1.04.a not found in repositories
 [Hsm 55-1594] Core dmaps of version 1.04.a not found in repositories
 [Hsm 55-1594] Core emacps of version 1.02.a not found in repositories
 [Hsm 55-1594] Core iicps of version 1.02.a not found in repositories
 [Hsm 55-1594] Core qspips of version 2.00.a not found in repositories
 [Hsm 55-1594] Core scugic of version 1.02.a not found in repositories
 [Hsm 55-1594] Core uartps of version 1.03.a not found in repositories
 [Hsm 55-1594] Core uartlite of version 2.00.a not found in repositories
 [Hsm 55-1594] Core sysmon of version 5.02.a not found in repositories
 [Hsm 55-1594] Core tmrctr of version 2.04.a not found in repositories
 [Hsm 55-1594] Core tmrctr of version 2.04.a not found in repositories
 [Hsm 55-1594] Core tmrctr of version 2.04.a not found in repositories
 [Hsm 55-1594] Core spi of version 3.04.a not found in repositories
 [Hsm 55-1594] Core gpio of version 3.00.a not found in repositories
 [Hsm 55-1594] Core gpio of version 3.00.a not found in repositories
 [Hsm 55-1594] Core standalone of version 3.08.a not found in repositories
22:52:41 WARN  :  [Hsm 55-1484] MSS file doesn't have NAME. So assuming NAME as system
22:52:41 ERROR :  [Hsm 55-1594] Core gpio of version 3.00.a not found in repositories
 [Hsm 55-1594] Core gpio of version 3.00.a not found in repositories
 [Hsm 55-1594] Core gpio of version 3.00.a not found in repositories
 [Hsm 55-1594] Core devcfg of version 2.01.a not found in repositories
 [Hsm 55-1594] Core dmaps of version 1.04.a not found in repositories
 [Hsm 55-1594] Core dmaps of version 1.04.a not found in repositories
 [Hsm 55-1594] Core emacps of version 1.02.a not found in repositories
 [Hsm 55-1594] Core iicps of version 1.02.a not found in repositories
 [Hsm 55-1594] Core qspips of version 2.00.a not found in repositories
 [Hsm 55-1594] Core scugic of version 1.02.a not found in repositories
 [Hsm 55-1594] Core uartps of version 1.03.a not found in repositories
 [Hsm 55-1594] Core uartlite of version 2.00.a not found in repositories
 [Hsm 55-1594] Core sysmon of version 5.02.a not found in repositories
 [Hsm 55-1594] Core tmrctr of version 2.04.a not found in repositories
 [Hsm 55-1594] Core tmrctr of version 2.04.a not found in repositories
 [Hsm 55-1594] Core tmrctr of version 2.04.a not found in repositories
 [Hsm 55-1594] Core spi of version 3.04.a not found in repositories
 [Hsm 55-1594] Core gpio of version 3.00.a not found in repositories
 [Hsm 55-1594] Core gpio of version 3.00.a not found in repositories
 [Hsm 55-1594] Core standalone of version 3.08.a not found in repositories
22:52:46 WARN  :  [Hsm 55-1484] MSS file doesn't have NAME. So assuming NAME as system
22:52:46 ERROR :  [Hsm 55-1594] Core gpio of version 3.00.a not found in repositories
 [Hsm 55-1594] Core gpio of version 3.00.a not found in repositories
 [Hsm 55-1594] Core gpio of version 3.00.a not found in repositories
 [Hsm 55-1594] Core devcfg of version 2.01.a not found in repositories
 [Hsm 55-1594] Core dmaps of version 1.04.a not found in repositories
 [Hsm 55-1594] Core dmaps of version 1.04.a not found in repositories
 [Hsm 55-1594] Core emacps of version 1.02.a not found in repositories
 [Hsm 55-1594] Core iicps of version 1.02.a not found in repositories
 [Hsm 55-1594] Core qspips of version 2.00.a not found in repositories
 [Hsm 55-1594] Core scugic of version 1.02.a not found in repositories
 [Hsm 55-1594] Core uartps of version 1.03.a not found in repositories
 [Hsm 55-1594] Core uartlite of version 2.00.a not found in repositories
 [Hsm 55-1594] Core sysmon of version 5.02.a not found in repositories
 [Hsm 55-1594] Core tmrctr of version 2.04.a not found in repositories
 [Hsm 55-1594] Core tmrctr of version 2.04.a not found in repositories
 [Hsm 55-1594] Core tmrctr of version 2.04.a not found in repositories
 [Hsm 55-1594] Core spi of version 3.04.a not found in repositories
 [Hsm 55-1594] Core gpio of version 3.00.a not found in repositories
 [Hsm 55-1594] Core gpio of version 3.00.a not found in repositories
 [Hsm 55-1594] Core standalone of version 3.08.a not found in repositories
22:52:46 WARN  :  [Hsm 55-1484] MSS file doesn't have NAME. So assuming NAME as system
22:52:46 WARN  :  [Hsm 55-1484] MSS file doesn't have NAME. So assuming NAME as system
22:52:48 WARN  :  [Hsm 55-1484] MSS file doesn't have NAME. So assuming NAME as system
 [Hsm 55-1484] MSS file doesn't have NAME. So assuming NAME as system
22:52:52 WARN  :  [Hsm 55-1484] MSS file doesn't have NAME. So assuming NAME as system
22:53:10 WARN  :  [Hsm 55-1484] MSS file doesn't have NAME. So assuming NAME as system
 [Hsm 55-1484] MSS file doesn't have NAME. So assuming NAME as system
22:53:16 INFO  : init_user is completed.
22:53:23 INFO  : ps7_init is completed.
22:53:24 INFO  : Processor reset is completed for ps7_cortexa9_0
22:54:16 INFO  : ps7_cortexa9_0 Processor is in use. Please stop existing Run or Debug sessions before launching.
22:54:24 INFO  : Processor reset is completed for ps7_cortexa9_0
22:54:25 ERROR : Port COM7 is already in use.
22:54:25 ERROR : Unexpected error while launching program.
java.lang.RuntimeException: Failed to download ELF file


    Could not stop the processor after reset


	at com.xilinx.sdk.targetmanager.internal.TM.downloadELF(TM.java:752)
	at com.xilinx.sdk.debug.core.internal.AppRunner.run(AppRunner.java:129)
	at com.xilinx.sdk.debug.core.XilinxAppLaunchConfigurationDelegate.runApplication(XilinxAppLaunchConfigurationDelegate.java:534)
	at com.xilinx.sdk.debug.core.XilinxAppLaunchConfigurationDelegate.launch(XilinxAppLaunchConfigurationDelegate.java:252)
	at com.xilinx.sdk.debug.ui.XilinxAppLaunchDelegateWrapper.launch(XilinxAppLaunchDelegateWrapper.java:31)
	at org.eclipse.debug.internal.core.LaunchConfiguration.launch(LaunchConfiguration.java:855)
	at org.eclipse.debug.internal.core.LaunchConfiguration.launch(LaunchConfiguration.java:704)
	at org.eclipse.debug.internal.ui.DebugUIPlugin.buildAndLaunch(DebugUIPlugin.java:1047)
	at org.eclipse.debug.internal.ui.DebugUIPlugin$8.run(DebugUIPlugin.java:1251)
	at org.eclipse.core.internal.jobs.Worker.run(Worker.java:54)
22:54:58 INFO  : FPGA configured successfully with bitstream "F:/ecen330/lab2/HWTest3_hw_platform/system.bit"
22:55:02 WARN  :  [Hsm 55-1484] MSS file doesn't have NAME. So assuming NAME as system
22:55:02 WARN  :  [Hsm 55-1484] MSS file doesn't have NAME. So assuming NAME as system
22:55:02 WARN  :  [Hsm 55-1484] MSS file doesn't have NAME. So assuming NAME as system
22:55:07 WARN  :  [Hsm 55-1484] MSS file doesn't have NAME. So assuming NAME as system
22:55:10 WARN  :  [Hsm 55-1484] MSS file doesn't have NAME. So assuming NAME as system
22:55:35 WARN  :  [Hsm 55-1484] MSS file doesn't have NAME. So assuming NAME as system
22:56:46 WARN  :  [Hsm 55-1484] MSS file doesn't have NAME. So assuming NAME as system
 [Hsm 55-1484] MSS file doesn't have NAME. So assuming NAME as system
22:56:57 INFO  : FPGA configured successfully with bitstream "F:/ecen330/lab2/HWTest3_hw_platform/system.bit"
22:57:05 WARN  :  [Hsm 55-1484] MSS file doesn't have NAME. So assuming NAME as system
22:57:05 WARN  :  [Hsm 55-1484] MSS file doesn't have NAME. So assuming NAME as system
22:57:05 WARN  :  [Hsm 55-1484] MSS file doesn't have NAME. So assuming NAME as system
22:57:17 WARN  :  [Hsm 55-1484] MSS file doesn't have NAME. So assuming NAME as system
22:57:21 WARN  :  [Hsm 55-1484] MSS file doesn't have NAME. So assuming NAME as system
22:57:40 WARN  :  [Hsm 55-1484] MSS file doesn't have NAME. So assuming NAME as system
22:57:56 WARN  :  [Hsm 55-1484] MSS file doesn't have NAME. So assuming NAME as system
22:58:01 WARN  :  [Hsm 55-1484] MSS file doesn't have NAME. So assuming NAME as system
22:58:03 WARN  :  [Hsm 55-1484] MSS file doesn't have NAME. So assuming NAME as system
22:58:11 WARN  :  [Hsm 55-1484] MSS file doesn't have NAME. So assuming NAME as system
22:58:11 WARN  :  [Hsm 55-1484] MSS file doesn't have NAME. So assuming NAME as system
22:58:11 WARN  :  [Hsm 55-1484] MSS file doesn't have NAME. So assuming NAME as system
22:58:14 WARN  :  [Hsm 55-1484] MSS file doesn't have NAME. So assuming NAME as system
22:58:14 WARN  :  [Hsm 55-1484] MSS file doesn't have NAME. So assuming NAME as system
22:58:19 WARN  :  [Hsm 55-1484] MSS file doesn't have NAME. So assuming NAME as system
22:58:35 WARN  :  [Hsm 55-1484] MSS file doesn't have NAME. So assuming NAME as system
22:58:40 WARN  :  [Hsm 55-1484] MSS file doesn't have NAME. So assuming NAME as system
22:58:41 WARN  :  [Hsm 55-1484] MSS file doesn't have NAME. So assuming NAME as system
 [Hsm 55-1484] MSS file doesn't have NAME. So assuming NAME as system
22:58:41 ERROR : Unexpected error while parsing XMD response ?: com.google.gson.JsonSyntaxException: com.google.gson.stream.MalformedJsonException: invalid number or unquoted string near 
22:59:14 WARN  :  [Hsm 55-1484] MSS file doesn't have NAME. So assuming NAME as system
22:59:14 ERROR :  [Hsm 55-1594] Core gpio of version 3.00.a not found in repositories
 [Hsm 55-1594] Core gpio of version 3.00.a not found in repositories
 [Hsm 55-1594] Core gpio of version 3.00.a not found in repositories
 [Hsm 55-1594] Core devcfg of version 2.01.a not found in repositories
 [Hsm 55-1594] Core dmaps of version 1.04.a not found in repositories
 [Hsm 55-1594] Core dmaps of version 1.04.a not found in repositories
 [Hsm 55-1594] Core emacps of version 1.02.a not found in repositories
 [Hsm 55-1594] Core iicps of version 1.02.a not found in repositories
 [Hsm 55-1594] Core qspips of version 2.00.a not found in repositories
 [Hsm 55-1594] Core scugic of version 1.02.a not found in repositories
 [Hsm 55-1594] Core uartps of version 1.03.a not found in repositories
 [Hsm 55-1594] Core uartlite of version 2.00.a not found in repositories
 [Hsm 55-1594] Core sysmon of version 5.02.a not found in repositories
 [Hsm 55-1594] Core tmrctr of version 2.04.a not found in repositories
 [Hsm 55-1594] Core tmrctr of version 2.04.a not found in repositories
 [Hsm 55-1594] Core tmrctr of version 2.04.a not found in repositories
 [Hsm 55-1594] Core spi of version 3.04.a not found in repositories
 [Hsm 55-1594] Core gpio of version 3.00.a not found in repositories
 [Hsm 55-1594] Core gpio of version 3.00.a not found in repositories
 [Hsm 55-1594] Core standalone of version 3.08.a not found in repositories
22:59:14 WARN  :  [Hsm 55-1484] MSS file doesn't have NAME. So assuming NAME as system
22:59:14 ERROR :  [Hsm 55-1594] Core gpio of version 3.00.a not found in repositories
 [Hsm 55-1594] Core gpio of version 3.00.a not found in repositories
 [Hsm 55-1594] Core gpio of version 3.00.a not found in repositories
 [Hsm 55-1594] Core devcfg of version 2.01.a not found in repositories
 [Hsm 55-1594] Core dmaps of version 1.04.a not found in repositories
 [Hsm 55-1594] Core dmaps of version 1.04.a not found in repositories
 [Hsm 55-1594] Core emacps of version 1.02.a not found in repositories
 [Hsm 55-1594] Core iicps of version 1.02.a not found in repositories
 [Hsm 55-1594] Core qspips of version 2.00.a not found in repositories
 [Hsm 55-1594] Core scugic of version 1.02.a not found in repositories
 [Hsm 55-1594] Core uartps of version 1.03.a not found in repositories
 [Hsm 55-1594] Core uartlite of version 2.00.a not found in repositories
 [Hsm 55-1594] Core sysmon of version 5.02.a not found in repositories
 [Hsm 55-1594] Core tmrctr of version 2.04.a not found in repositories
 [Hsm 55-1594] Core tmrctr of version 2.04.a not found in repositories
 [Hsm 55-1594] Core tmrctr of version 2.04.a not found in repositories
 [Hsm 55-1594] Core spi of version 3.04.a not found in repositories
 [Hsm 55-1594] Core gpio of version 3.00.a not found in repositories
 [Hsm 55-1594] Core gpio of version 3.00.a not found in repositories
 [Hsm 55-1594] Core standalone of version 3.08.a not found in repositories
22:59:14 WARN  :  [Hsm 55-1484] MSS file doesn't have NAME. So assuming NAME as system
22:59:14 ERROR :  [Hsm 55-1594] Core gpio of version 3.00.a not found in repositories
 [Hsm 55-1594] Core gpio of version 3.00.a not found in repositories
 [Hsm 55-1594] Core gpio of version 3.00.a not found in repositories
 [Hsm 55-1594] Core devcfg of version 2.01.a not found in repositories
 [Hsm 55-1594] Core dmaps of version 1.04.a not found in repositories
 [Hsm 55-1594] Core dmaps of version 1.04.a not found in repositories
 [Hsm 55-1594] Core emacps of version 1.02.a not found in repositories
 [Hsm 55-1594] Core iicps of version 1.02.a not found in repositories
 [Hsm 55-1594] Core qspips of version 2.00.a not found in repositories
 [Hsm 55-1594] Core scugic of version 1.02.a not found in repositories
 [Hsm 55-1594] Core uartps of version 1.03.a not found in repositories
 [Hsm 55-1594] Core uartlite of version 2.00.a not found in repositories
 [Hsm 55-1594] Core sysmon of version 5.02.a not found in repositories
 [Hsm 55-1594] Core tmrctr of version 2.04.a not found in repositories
 [Hsm 55-1594] Core tmrctr of version 2.04.a not found in repositories
 [Hsm 55-1594] Core tmrctr of version 2.04.a not found in repositories
 [Hsm 55-1594] Core spi of version 3.04.a not found in repositories
 [Hsm 55-1594] Core gpio of version 3.00.a not found in repositories
 [Hsm 55-1594] Core gpio of version 3.00.a not found in repositories
 [Hsm 55-1594] Core standalone of version 3.08.a not found in repositories
22:59:25 WARN  :  [Hsm 55-1484] MSS file doesn't have NAME. So assuming NAME as system
22:59:25 ERROR :  [Hsm 55-1594] Core gpio of version 3.00.a not found in repositories
 [Hsm 55-1594] Core gpio of version 3.00.a not found in repositories
 [Hsm 55-1594] Core gpio of version 3.00.a not found in repositories
 [Hsm 55-1594] Core devcfg of version 2.01.a not found in repositories
 [Hsm 55-1594] Core dmaps of version 1.04.a not found in repositories
 [Hsm 55-1594] Core dmaps of version 1.04.a not found in repositories
 [Hsm 55-1594] Core emacps of version 1.02.a not found in repositories
 [Hsm 55-1594] Core iicps of version 1.02.a not found in repositories
 [Hsm 55-1594] Core qspips of version 2.00.a not found in repositories
 [Hsm 55-1594] Core scugic of version 1.02.a not found in repositories
 [Hsm 55-1594] Core uartps of version 1.03.a not found in repositories
 [Hsm 55-1594] Core uartlite of version 2.00.a not found in repositories
 [Hsm 55-1594] Core sysmon of version 5.02.a not found in repositories
 [Hsm 55-1594] Core tmrctr of version 2.04.a not found in repositories
 [Hsm 55-1594] Core tmrctr of version 2.04.a not found in repositories
 [Hsm 55-1594] Core tmrctr of version 2.04.a not found in repositories
 [Hsm 55-1594] Core spi of version 3.04.a not found in repositories
 [Hsm 55-1594] Core gpio of version 3.00.a not found in repositories
 [Hsm 55-1594] Core gpio of version 3.00.a not found in repositories
 [Hsm 55-1594] Core standalone of version 3.08.a not found in repositories
22:59:32 WARN  :  [Hsm 55-1484] MSS file doesn't have NAME. So assuming NAME as system
22:59:32 ERROR :  [Hsm 55-1594] Core gpio of version 3.00.a not found in repositories
 [Hsm 55-1594] Core gpio of version 3.00.a not found in repositories
 [Hsm 55-1594] Core gpio of version 3.00.a not found in repositories
 [Hsm 55-1594] Core devcfg of version 2.01.a not found in repositories
 [Hsm 55-1594] Core dmaps of version 1.04.a not found in repositories
 [Hsm 55-1594] Core dmaps of version 1.04.a not found in repositories
 [Hsm 55-1594] Core emacps of version 1.02.a not found in repositories
 [Hsm 55-1594] Core iicps of version 1.02.a not found in repositories
 [Hsm 55-1594] Core qspips of version 2.00.a not found in repositories
 [Hsm 55-1594] Core scugic of version 1.02.a not found in repositories
 [Hsm 55-1594] Core uartps of version 1.03.a not found in repositories
 [Hsm 55-1594] Core uartlite of version 2.00.a not found in repositories
 [Hsm 55-1594] Core sysmon of version 5.02.a not found in repositories
 [Hsm 55-1594] Core tmrctr of version 2.04.a not found in repositories
 [Hsm 55-1594] Core tmrctr of version 2.04.a not found in repositories
 [Hsm 55-1594] Core tmrctr of version 2.04.a not found in repositories
 [Hsm 55-1594] Core spi of version 3.04.a not found in repositories
 [Hsm 55-1594] Core gpio of version 3.00.a not found in repositories
 [Hsm 55-1594] Core gpio of version 3.00.a not found in repositories
 [Hsm 55-1594] Core standalone of version 3.08.a not found in repositories
22:59:32 WARN  :  [Hsm 55-1484] MSS file doesn't have NAME. So assuming NAME as system
22:59:39 INFO  : init_user is completed.
22:59:42 INFO  : ps7_init is completed.
22:59:43 INFO  : Processor reset is completed for ps7_cortexa9_0
23:00:35 INFO  : Processor reset is completed for ps7_cortexa9_0
23:02:05 INFO  : Processor reset is completed for ps7_cortexa9_0
23:03:59 INFO  : Processor reset is completed for ps7_cortexa9_0
23:05:02 INFO  : Processor reset is completed for ps7_cortexa9_0
23:05:56 INFO  : Processor reset is completed for ps7_cortexa9_0
23:07:04 INFO  : Processor reset is completed for ps7_cortexa9_0
23:09:44 INFO  : Processor reset is completed for ps7_cortexa9_0
23:09:57 INFO  : Processor reset is completed for ps7_cortexa9_0
23:10:06 WARN  :  [Hsm 55-1484] MSS file doesn't have NAME. So assuming NAME as system
23:10:06 WARN  :  [Hsm 55-1484] MSS file doesn't have NAME. So assuming NAME as system
23:10:29 WARN  :  [Hsm 55-1484] MSS file doesn't have NAME. So assuming NAME as system
23:10:33 WARN  :  [Hsm 55-1484] MSS file doesn't have NAME. So assuming NAME as system
 [Hsm 55-1484] MSS file doesn't have NAME. So assuming NAME as system
23:10:40 INFO  : Processor reset is completed for ps7_cortexa9_0
23:11:13 INFO  : Processor reset is completed for ps7_cortexa9_0
23:11:43 INFO  : Processor reset is completed for ps7_cortexa9_0
23:16:18 INFO  : Processor reset is completed for ps7_cortexa9_0
23:17:23 INFO  : Processor reset is completed for ps7_cortexa9_0
23:18:20 INFO  : Processor reset is completed for ps7_cortexa9_0
23:27:34 INFO  : Processor reset is completed for ps7_cortexa9_0
23:28:40 INFO  : Processor reset is completed for ps7_cortexa9_0
23:36:31 INFO  : Processor reset is completed for ps7_cortexa9_0
23:38:32 INFO  : Processor reset is completed for ps7_cortexa9_0
23:49:37 INFO  : Processor reset is completed for ps7_cortexa9_0
23:52:30 INFO  : ps7_cortexa9_0 Processor is in use. Please stop existing Run or Debug sessions before launching.
23:52:37 INFO  : Processor reset is completed for ps7_cortexa9_0
23:52:37 ERROR : Port COM7 is already in use.
23:54:39 INFO  : ps7_cortexa9_0 Processor is in use. Please stop existing Run or Debug sessions before launching.
23:54:42 INFO  : Processor reset is completed for ps7_cortexa9_0
23:57:01 INFO  : Processor reset is completed for ps7_cortexa9_0
23:57:55 INFO  : Processor reset is completed for ps7_cortexa9_0
00:00:41 WARN  :  [Hsm 55-1484] MSS file doesn't have NAME. So assuming NAME as system
00:00:41 WARN  :  [Hsm 55-1484] MSS file doesn't have NAME. So assuming NAME as system
00:08:56 WARN  :  [Hsm 55-1484] MSS file doesn't have NAME. So assuming NAME as system
 [Hsm 55-1484] MSS file doesn't have NAME. So assuming NAME as system
00:09:04 INFO  : Processor reset is completed for ps7_cortexa9_0
00:10:21 INFO  : Processor reset is completed for ps7_cortexa9_0
00:11:42 INFO  : Processor reset is completed for ps7_cortexa9_0
00:13:52 INFO  : Processor reset is completed for ps7_cortexa9_0
00:19:32 INFO  : Processor reset is completed for ps7_cortexa9_0
00:20:24 INFO  : ps7_cortexa9_0 Processor is in use. Please stop existing Run or Debug sessions before launching.
00:20:28 INFO  : Processor reset is completed for ps7_cortexa9_0
00:21:25 INFO  : ps7_cortexa9_0 Processor is in use. Please stop existing Run or Debug sessions before launching.
00:21:27 INFO  : Processor reset is completed for ps7_cortexa9_0
00:22:15 INFO  : Processor reset is completed for ps7_cortexa9_0
00:26:14 INFO  : Processor reset is completed for ps7_cortexa9_0
00:28:30 INFO  : Processor reset is completed for ps7_cortexa9_0
00:32:18 INFO  : Processor reset is completed for ps7_cortexa9_0
00:34:06 INFO  : Processor reset is completed for ps7_cortexa9_0
00:35:42 INFO  : Processor reset is completed for ps7_cortexa9_0
00:37:03 INFO  : Processor reset is completed for ps7_cortexa9_0
00:37:33 INFO  : Processor reset is completed for ps7_cortexa9_0
00:38:30 INFO  : ps7_cortexa9_0 Processor is in use. Please stop existing Run or Debug sessions before launching.
00:38:34 INFO  : Processor reset is completed for ps7_cortexa9_0
00:39:10 INFO  : ps7_cortexa9_0 Processor is in use. Please stop existing Run or Debug sessions before launching.
00:39:12 INFO  : Processor reset is completed for ps7_cortexa9_0
00:39:48 INFO  : Processor reset is completed for ps7_cortexa9_0
00:40:36 INFO  : Processor reset is completed for ps7_cortexa9_0
00:41:06 INFO  : Processor reset is completed for ps7_cortexa9_0
00:41:06 ERROR : Port COM7 is already in use.
00:41:34 INFO  : Processor reset is completed for ps7_cortexa9_0
00:42:13 INFO  : ps7_cortexa9_0 Processor is in use. Please stop existing Run or Debug sessions before launching.
00:42:21 INFO  : Processor reset is completed for ps7_cortexa9_0
00:44:37 INFO  : ps7_cortexa9_0 Processor is in use. Please stop existing Run or Debug sessions before launching.
00:44:40 INFO  : Processor reset is completed for ps7_cortexa9_0
00:47:28 INFO  : ps7_cortexa9_0 Processor is in use. Please stop existing Run or Debug sessions before launching.
00:47:30 INFO  : Processor reset is completed for ps7_cortexa9_0
00:47:31 ERROR : Port COM7 is already in use.
00:48:23 INFO  : ps7_cortexa9_0 Processor is in use. Please stop existing Run or Debug sessions before launching.
00:48:27 ERROR : Unexpected error while launching program.
java.lang.NullPointerException
	at com.xilinx.sdk.targetmanager.internal.TM.terminateCurrentLaunch(TM.java:895)
	at com.xilinx.sdk.debug.core.XilinxAppLaunchConfigurationDelegate.runApplication(XilinxAppLaunchConfigurationDelegate.java:493)
	at com.xilinx.sdk.debug.core.XilinxAppLaunchConfigurationDelegate.launch(XilinxAppLaunchConfigurationDelegate.java:252)
	at com.xilinx.sdk.debug.ui.XilinxAppLaunchDelegateWrapper.launch(XilinxAppLaunchDelegateWrapper.java:31)
	at org.eclipse.debug.internal.core.LaunchConfiguration.launch(LaunchConfiguration.java:855)
	at org.eclipse.debug.internal.core.LaunchConfiguration.launch(LaunchConfiguration.java:704)
	at org.eclipse.debug.internal.ui.DebugUIPlugin.buildAndLaunch(DebugUIPlugin.java:1047)
	at org.eclipse.debug.internal.ui.DebugUIPlugin$8.run(DebugUIPlugin.java:1251)
	at org.eclipse.core.internal.jobs.Worker.run(Worker.java:54)
00:48:36 INFO  : Processor reset is completed for ps7_cortexa9_0
00:49:35 INFO  : ps7_cortexa9_0 Processor is in use. Please stop existing Run or Debug sessions before launching.
00:49:38 INFO  : Processor reset is completed for ps7_cortexa9_0
00:50:31 INFO  : Processor reset is completed for ps7_cortexa9_0
00:53:29 INFO  : Processor reset is completed for ps7_cortexa9_0
00:54:44 INFO  : Processor reset is completed for ps7_cortexa9_0
00:55:45 INFO  : ps7_cortexa9_0 Processor is in use. Please stop existing Run or Debug sessions before launching.
00:55:47 INFO  : Processor reset is completed for ps7_cortexa9_0
00:56:39 INFO  : ps7_cortexa9_0 Processor is in use. Please stop existing Run or Debug sessions before launching.
00:56:41 INFO  : Processor reset is completed for ps7_cortexa9_0
00:57:31 INFO  : Processor reset is completed for ps7_cortexa9_0
01:00:19 INFO  : Processor reset is completed for ps7_cortexa9_0
01:01:37 INFO  : ps7_cortexa9_0 Processor is in use. Please stop existing Run or Debug sessions before launching.
01:01:39 INFO  : Processor reset is completed for ps7_cortexa9_0
01:03:46 INFO  : Processor reset is completed for ps7_cortexa9_0
01:21:08 INFO  : Processor reset is completed for ps7_cortexa9_0
01:22:33 INFO  : Processor reset is completed for ps7_cortexa9_0
01:24:00 INFO  : ps7_cortexa9_0 Processor is in use. Please stop existing Run or Debug sessions before launching.
01:24:01 INFO  : Processor reset is completed for ps7_cortexa9_0
01:26:04 INFO  : ps7_cortexa9_0 Processor is in use. Please stop existing Run or Debug sessions before launching.
01:26:07 INFO  : Processor reset is completed for ps7_cortexa9_0
01:27:19 INFO  : Processor reset is completed for ps7_cortexa9_0
01:28:45 INFO  : Processor reset is completed for ps7_cortexa9_0
01:31:40 INFO  : Processor reset is completed for ps7_cortexa9_0
01:32:40 INFO  : Processor reset is completed for ps7_cortexa9_0
01:47:42 INFO  : ps7_cortexa9_0 Processor is in use. Please stop existing Run or Debug sessions before launching.
01:47:44 INFO  : Processor reset is completed for ps7_cortexa9_0
02:17:54 INFO  : Processor reset is completed for ps7_cortexa9_0
02:18:23 INFO  : Processor reset is completed for ps7_cortexa9_0
14:06:21 WARN  :  [Hsm 55-1484] MSS file doesn't have NAME. So assuming NAME as system
14:06:21 ERROR :  [Hsm 55-1594] Core gpio of version 3.00.a not found in repositories
 [Hsm 55-1594] Core gpio of version 3.00.a not found in repositories
 [Hsm 55-1594] Core gpio of version 3.00.a not found in repositories
 [Hsm 55-1594] Core devcfg of version 2.01.a not found in repositories
 [Hsm 55-1594] Core dmaps of version 1.04.a not found in repositories
 [Hsm 55-1594] Core dmaps of version 1.04.a not found in repositories
 [Hsm 55-1594] Core emacps of version 1.02.a not found in repositories
 [Hsm 55-1594] Core iicps of version 1.02.a not found in repositories
 [Hsm 55-1594] Core qspips of version 2.00.a not found in repositories
 [Hsm 55-1594] Core scugic of version 1.02.a not found in repositories
 [Hsm 55-1594] Core uartps of version 1.03.a not found in repositories
 [Hsm 55-1594] Core uartlite of version 2.00.a not found in repositories
 [Hsm 55-1594] Core sysmon of version 5.02.a not found in repositories
 [Hsm 55-1594] Core tmrctr of version 2.04.a not found in repositories
 [Hsm 55-1594] Core tmrctr of version 2.04.a not found in repositories
 [Hsm 55-1594] Core tmrctr of version 2.04.a not found in repositories
 [Hsm 55-1594] Core spi of version 3.04.a not found in repositories
 [Hsm 55-1594] Core gpio of version 3.00.a not found in repositories
 [Hsm 55-1594] Core gpio of version 3.00.a not found in repositories
 [Hsm 55-1594] Core standalone of version 3.08.a not found in repositories
14:06:21 WARN  :  [Hsm 55-1484] MSS file doesn't have NAME. So assuming NAME as system
14:06:21 ERROR :  [Hsm 55-1594] Core gpio of version 3.00.a not found in repositories
 [Hsm 55-1594] Core gpio of version 3.00.a not found in repositories
 [Hsm 55-1594] Core gpio of version 3.00.a not found in repositories
 [Hsm 55-1594] Core devcfg of version 2.01.a not found in repositories
 [Hsm 55-1594] Core dmaps of version 1.04.a not found in repositories
 [Hsm 55-1594] Core dmaps of version 1.04.a not found in repositories
 [Hsm 55-1594] Core emacps of version 1.02.a not found in repositories
 [Hsm 55-1594] Core iicps of version 1.02.a not found in repositories
 [Hsm 55-1594] Core qspips of version 2.00.a not found in repositories
 [Hsm 55-1594] Core scugic of version 1.02.a not found in repositories
 [Hsm 55-1594] Core uartps of version 1.03.a not found in repositories
 [Hsm 55-1594] Core uartlite of version 2.00.a not found in repositories
 [Hsm 55-1594] Core sysmon of version 5.02.a not found in repositories
 [Hsm 55-1594] Core tmrctr of version 2.04.a not found in repositories
 [Hsm 55-1594] Core tmrctr of version 2.04.a not found in repositories
 [Hsm 55-1594] Core tmrctr of version 2.04.a not found in repositories
 [Hsm 55-1594] Core spi of version 3.04.a not found in repositories
 [Hsm 55-1594] Core gpio of version 3.00.a not found in repositories
 [Hsm 55-1594] Core gpio of version 3.00.a not found in repositories
 [Hsm 55-1594] Core standalone of version 3.08.a not found in repositories
14:06:21 WARN  :  [Hsm 55-1484] MSS file doesn't have NAME. So assuming NAME as system
14:06:21 ERROR :  [Hsm 55-1594] Core gpio of version 3.00.a not found in repositories
 [Hsm 55-1594] Core gpio of version 3.00.a not found in repositories
 [Hsm 55-1594] Core gpio of version 3.00.a not found in repositories
 [Hsm 55-1594] Core devcfg of version 2.01.a not found in repositories
 [Hsm 55-1594] Core dmaps of version 1.04.a not found in repositories
 [Hsm 55-1594] Core dmaps of version 1.04.a not found in repositories
 [Hsm 55-1594] Core emacps of version 1.02.a not found in repositories
 [Hsm 55-1594] Core iicps of version 1.02.a not found in repositories
 [Hsm 55-1594] Core qspips of version 2.00.a not found in repositories
 [Hsm 55-1594] Core scugic of version 1.02.a not found in repositories
 [Hsm 55-1594] Core uartps of version 1.03.a not found in repositories
 [Hsm 55-1594] Core uartlite of version 2.00.a not found in repositories
 [Hsm 55-1594] Core sysmon of version 5.02.a not found in repositories
 [Hsm 55-1594] Core tmrctr of version 2.04.a not found in repositories
 [Hsm 55-1594] Core tmrctr of version 2.04.a not found in repositories
 [Hsm 55-1594] Core tmrctr of version 2.04.a not found in repositories
 [Hsm 55-1594] Core spi of version 3.04.a not found in repositories
 [Hsm 55-1594] Core gpio of version 3.00.a not found in repositories
 [Hsm 55-1594] Core gpio of version 3.00.a not found in repositories
 [Hsm 55-1594] Core standalone of version 3.08.a not found in repositories
14:06:45 WARN  :  [Hsm 55-1484] MSS file doesn't have NAME. So assuming NAME as system
14:06:45 ERROR :  [Hsm 55-1594] Core gpio of version 3.00.a not found in repositories
 [Hsm 55-1594] Core gpio of version 3.00.a not found in repositories
 [Hsm 55-1594] Core gpio of version 3.00.a not found in repositories
 [Hsm 55-1594] Core devcfg of version 2.01.a not found in repositories
 [Hsm 55-1594] Core dmaps of version 1.04.a not found in repositories
 [Hsm 55-1594] Core dmaps of version 1.04.a not found in repositories
 [Hsm 55-1594] Core emacps of version 1.02.a not found in repositories
 [Hsm 55-1594] Core iicps of version 1.02.a not found in repositories
 [Hsm 55-1594] Core qspips of version 2.00.a not found in repositories
 [Hsm 55-1594] Core scugic of version 1.02.a not found in repositories
 [Hsm 55-1594] Core uartps of version 1.03.a not found in repositories
 [Hsm 55-1594] Core uartlite of version 2.00.a not found in repositories
 [Hsm 55-1594] Core sysmon of version 5.02.a not found in repositories
 [Hsm 55-1594] Core tmrctr of version 2.04.a not found in repositories
 [Hsm 55-1594] Core tmrctr of version 2.04.a not found in repositories
 [Hsm 55-1594] Core tmrctr of version 2.04.a not found in repositories
 [Hsm 55-1594] Core spi of version 3.04.a not found in repositories
 [Hsm 55-1594] Core gpio of version 3.00.a not found in repositories
 [Hsm 55-1594] Core gpio of version 3.00.a not found in repositories
 [Hsm 55-1594] Core standalone of version 3.08.a not found in repositories
14:07:28 WARN  :  [Hsm 55-1484] MSS file doesn't have NAME. So assuming NAME as system
14:07:28 ERROR :  [Hsm 55-1594] Core gpio of version 3.00.a not found in repositories
 [Hsm 55-1594] Core gpio of version 3.00.a not found in repositories
 [Hsm 55-1594] Core gpio of version 3.00.a not found in repositories
 [Hsm 55-1594] Core devcfg of version 2.01.a not found in repositories
 [Hsm 55-1594] Core dmaps of version 1.04.a not found in repositories
 [Hsm 55-1594] Core dmaps of version 1.04.a not found in repositories
 [Hsm 55-1594] Core emacps of version 1.02.a not found in repositories
 [Hsm 55-1594] Core iicps of version 1.02.a not found in repositories
 [Hsm 55-1594] Core qspips of version 2.00.a not found in repositories
 [Hsm 55-1594] Core scugic of version 1.02.a not found in repositories
 [Hsm 55-1594] Core uartps of version 1.03.a not found in repositories
 [Hsm 55-1594] Core uartlite of version 2.00.a not found in repositories
 [Hsm 55-1594] Core sysmon of version 5.02.a not found in repositories
 [Hsm 55-1594] Core tmrctr of version 2.04.a not found in repositories
 [Hsm 55-1594] Core tmrctr of version 2.04.a not found in repositories
 [Hsm 55-1594] Core tmrctr of version 2.04.a not found in repositories
 [Hsm 55-1594] Core spi of version 3.04.a not found in repositories
 [Hsm 55-1594] Core gpio of version 3.00.a not found in repositories
 [Hsm 55-1594] Core gpio of version 3.00.a not found in repositories
 [Hsm 55-1594] Core standalone of version 3.08.a not found in repositories
14:07:28 WARN  :  [Hsm 55-1484] MSS file doesn't have NAME. So assuming NAME as system
14:07:32 WARN  :  [Hsm 55-1484] MSS file doesn't have NAME. So assuming NAME as system
14:07:37 INFO  : init_user is completed.
14:07:37 INFO  : ps7_init is completed.
14:07:37 INFO  : Processor reset is completed for ps7_cortexa9_0
14:08:39 INFO  : ps7_cortexa9_0 Processor is in use. Please stop existing Run or Debug sessions before launching.
14:08:49 INFO  : Processor reset is completed for ps7_cortexa9_0
14:09:05 INFO  : FPGA Cable Disconnected. All active launches will be terminated.
14:09:08 ERROR : Unexpected error while launching program.
java.lang.RuntimeException: Unknown Error Occured
    

	at com.xilinx.sdk.targetmanager.internal.TM.downloadELF(TM.java:752)
	at com.xilinx.sdk.debug.core.internal.AppRunner.run(AppRunner.java:129)
	at com.xilinx.sdk.debug.core.XilinxAppLaunchConfigurationDelegate.runApplication(XilinxAppLaunchConfigurationDelegate.java:534)
	at com.xilinx.sdk.debug.core.XilinxAppLaunchConfigurationDelegate.launch(XilinxAppLaunchConfigurationDelegate.java:252)
	at com.xilinx.sdk.debug.ui.XilinxAppLaunchDelegateWrapper.launch(XilinxAppLaunchDelegateWrapper.java:31)
	at org.eclipse.debug.internal.core.LaunchConfiguration.launch(LaunchConfiguration.java:855)
	at org.eclipse.debug.internal.core.LaunchConfiguration.launch(LaunchConfiguration.java:704)
	at org.eclipse.debug.internal.ui.DebugUIPlugin.buildAndLaunch(DebugUIPlugin.java:1047)
	at org.eclipse.debug.internal.ui.DebugUIPlugin$8.run(DebugUIPlugin.java:1251)
	at org.eclipse.core.internal.jobs.Worker.run(Worker.java:54)
14:09:54 ERROR : Unexpected error while parsing XMD response ?: com.google.gson.JsonSyntaxException: com.google.gson.stream.MalformedJsonException: invalid number or unquoted string near 
14:06:29 WARN  :  [Hsm 55-1484] MSS file doesn't have NAME. So assuming NAME as system
14:06:29 ERROR :  [Hsm 55-1594] Core gpio of version 3.00.a not found in repositories
 [Hsm 55-1594] Core gpio of version 3.00.a not found in repositories
 [Hsm 55-1594] Core gpio of version 3.00.a not found in repositories
 [Hsm 55-1594] Core devcfg of version 2.01.a not found in repositories
 [Hsm 55-1594] Core dmaps of version 1.04.a not found in repositories
 [Hsm 55-1594] Core dmaps of version 1.04.a not found in repositories
 [Hsm 55-1594] Core emacps of version 1.02.a not found in repositories
 [Hsm 55-1594] Core iicps of version 1.02.a not found in repositories
 [Hsm 55-1594] Core qspips of version 2.00.a not found in repositories
 [Hsm 55-1594] Core scugic of version 1.02.a not found in repositories
 [Hsm 55-1594] Core uartps of version 1.03.a not found in repositories
 [Hsm 55-1594] Core uartlite of version 2.00.a not found in repositories
 [Hsm 55-1594] Core sysmon of version 5.02.a not found in repositories
 [Hsm 55-1594] Core tmrctr of version 2.04.a not found in repositories
 [Hsm 55-1594] Core tmrctr of version 2.04.a not found in repositories
 [Hsm 55-1594] Core tmrctr of version 2.04.a not found in repositories
 [Hsm 55-1594] Core spi of version 3.04.a not found in repositories
 [Hsm 55-1594] Core gpio of version 3.00.a not found in repositories
 [Hsm 55-1594] Core gpio of version 3.00.a not found in repositories
 [Hsm 55-1594] Core standalone of version 3.08.a not found in repositories
14:06:29 WARN  :  [Hsm 55-1484] MSS file doesn't have NAME. So assuming NAME as system
14:06:29 ERROR :  [Hsm 55-1594] Core gpio of version 3.00.a not found in repositories
 [Hsm 55-1594] Core gpio of version 3.00.a not found in repositories
 [Hsm 55-1594] Core gpio of version 3.00.a not found in repositories
 [Hsm 55-1594] Core devcfg of version 2.01.a not found in repositories
 [Hsm 55-1594] Core dmaps of version 1.04.a not found in repositories
 [Hsm 55-1594] Core dmaps of version 1.04.a not found in repositories
 [Hsm 55-1594] Core emacps of version 1.02.a not found in repositories
 [Hsm 55-1594] Core iicps of version 1.02.a not found in repositories
 [Hsm 55-1594] Core qspips of version 2.00.a not found in repositories
 [Hsm 55-1594] Core scugic of version 1.02.a not found in repositories
 [Hsm 55-1594] Core uartps of version 1.03.a not found in repositories
 [Hsm 55-1594] Core uartlite of version 2.00.a not found in repositories
 [Hsm 55-1594] Core sysmon of version 5.02.a not found in repositories
 [Hsm 55-1594] Core tmrctr of version 2.04.a not found in repositories
 [Hsm 55-1594] Core tmrctr of version 2.04.a not found in repositories
 [Hsm 55-1594] Core tmrctr of version 2.04.a not found in repositories
 [Hsm 55-1594] Core spi of version 3.04.a not found in repositories
 [Hsm 55-1594] Core gpio of version 3.00.a not found in repositories
 [Hsm 55-1594] Core gpio of version 3.00.a not found in repositories
 [Hsm 55-1594] Core standalone of version 3.08.a not found in repositories
14:06:29 WARN  :  [Hsm 55-1484] MSS file doesn't have NAME. So assuming NAME as system
14:06:29 ERROR :  [Hsm 55-1594] Core gpio of version 3.00.a not found in repositories
 [Hsm 55-1594] Core gpio of version 3.00.a not found in repositories
 [Hsm 55-1594] Core gpio of version 3.00.a not found in repositories
 [Hsm 55-1594] Core devcfg of version 2.01.a not found in repositories
 [Hsm 55-1594] Core dmaps of version 1.04.a not found in repositories
 [Hsm 55-1594] Core dmaps of version 1.04.a not found in repositories
 [Hsm 55-1594] Core emacps of version 1.02.a not found in repositories
 [Hsm 55-1594] Core iicps of version 1.02.a not found in repositories
 [Hsm 55-1594] Core qspips of version 2.00.a not found in repositories
 [Hsm 55-1594] Core scugic of version 1.02.a not found in repositories
 [Hsm 55-1594] Core uartps of version 1.03.a not found in repositories
 [Hsm 55-1594] Core uartlite of version 2.00.a not found in repositories
 [Hsm 55-1594] Core sysmon of version 5.02.a not found in repositories
 [Hsm 55-1594] Core tmrctr of version 2.04.a not found in repositories
 [Hsm 55-1594] Core tmrctr of version 2.04.a not found in repositories
 [Hsm 55-1594] Core tmrctr of version 2.04.a not found in repositories
 [Hsm 55-1594] Core spi of version 3.04.a not found in repositories
 [Hsm 55-1594] Core gpio of version 3.00.a not found in repositories
 [Hsm 55-1594] Core gpio of version 3.00.a not found in repositories
 [Hsm 55-1594] Core standalone of version 3.08.a not found in repositories
14:06:35 WARN  :  [Hsm 55-1484] MSS file doesn't have NAME. So assuming NAME as system
14:06:35 ERROR :  [Hsm 55-1594] Core gpio of version 3.00.a not found in repositories
 [Hsm 55-1594] Core gpio of version 3.00.a not found in repositories
 [Hsm 55-1594] Core gpio of version 3.00.a not found in repositories
 [Hsm 55-1594] Core devcfg of version 2.01.a not found in repositories
 [Hsm 55-1594] Core dmaps of version 1.04.a not found in repositories
 [Hsm 55-1594] Core dmaps of version 1.04.a not found in repositories
 [Hsm 55-1594] Core emacps of version 1.02.a not found in repositories
 [Hsm 55-1594] Core iicps of version 1.02.a not found in repositories
 [Hsm 55-1594] Core qspips of version 2.00.a not found in repositories
 [Hsm 55-1594] Core scugic of version 1.02.a not found in repositories
 [Hsm 55-1594] Core uartps of version 1.03.a not found in repositories
 [Hsm 55-1594] Core uartlite of version 2.00.a not found in repositories
 [Hsm 55-1594] Core sysmon of version 5.02.a not found in repositories
 [Hsm 55-1594] Core tmrctr of version 2.04.a not found in repositories
 [Hsm 55-1594] Core tmrctr of version 2.04.a not found in repositories
 [Hsm 55-1594] Core tmrctr of version 2.04.a not found in repositories
 [Hsm 55-1594] Core spi of version 3.04.a not found in repositories
 [Hsm 55-1594] Core gpio of version 3.00.a not found in repositories
 [Hsm 55-1594] Core gpio of version 3.00.a not found in repositories
 [Hsm 55-1594] Core standalone of version 3.08.a not found in repositories
14:06:37 WARN  :  [Hsm 55-1484] MSS file doesn't have NAME. So assuming NAME as system
14:06:37 ERROR :  [Hsm 55-1594] Core gpio of version 3.00.a not found in repositories
 [Hsm 55-1594] Core gpio of version 3.00.a not found in repositories
 [Hsm 55-1594] Core gpio of version 3.00.a not found in repositories
 [Hsm 55-1594] Core devcfg of version 2.01.a not found in repositories
 [Hsm 55-1594] Core dmaps of version 1.04.a not found in repositories
 [Hsm 55-1594] Core dmaps of version 1.04.a not found in repositories
 [Hsm 55-1594] Core emacps of version 1.02.a not found in repositories
 [Hsm 55-1594] Core iicps of version 1.02.a not found in repositories
 [Hsm 55-1594] Core qspips of version 2.00.a not found in repositories
 [Hsm 55-1594] Core scugic of version 1.02.a not found in repositories
 [Hsm 55-1594] Core uartps of version 1.03.a not found in repositories
 [Hsm 55-1594] Core uartlite of version 2.00.a not found in repositories
 [Hsm 55-1594] Core sysmon of version 5.02.a not found in repositories
 [Hsm 55-1594] Core tmrctr of version 2.04.a not found in repositories
 [Hsm 55-1594] Core tmrctr of version 2.04.a not found in repositories
 [Hsm 55-1594] Core tmrctr of version 2.04.a not found in repositories
 [Hsm 55-1594] Core spi of version 3.04.a not found in repositories
 [Hsm 55-1594] Core gpio of version 3.00.a not found in repositories
 [Hsm 55-1594] Core gpio of version 3.00.a not found in repositories
 [Hsm 55-1594] Core standalone of version 3.08.a not found in repositories
14:06:37 WARN  :  [Hsm 55-1484] MSS file doesn't have NAME. So assuming NAME as system
14:06:39 WARN  :  [Hsm 55-1484] MSS file doesn't have NAME. So assuming NAME as system
14:06:40 WARN  :  [Hsm 55-1484] MSS file doesn't have NAME. So assuming NAME as system
 [Hsm 55-1484] MSS file doesn't have NAME. So assuming NAME as system
14:06:40 WARN  :  [Hsm 55-1484] MSS file doesn't have NAME. So assuming NAME as system
14:06:50 INFO  : FPGA configured successfully with bitstream "J:/ecen330/lab2/HWTest3_hw_platform/system.bit"
14:06:51 WARN  :  [Hsm 55-1484] MSS file doesn't have NAME. So assuming NAME as system
14:07:44 WARN  :  [Hsm 55-1484] MSS file doesn't have NAME. So assuming NAME as system
14:12:44 WARN  :  [Hsm 55-1484] MSS file doesn't have NAME. So assuming NAME as system
14:12:45 WARN  :  [Hsm 55-1484] MSS file doesn't have NAME. So assuming NAME as system
 [Hsm 55-1484] MSS file doesn't have NAME. So assuming NAME as system
14:12:45 ERROR :  [Hsm 55-1430] Driver Name is empty
14:12:45 WARN  :  [Hsm 55-1484] MSS file doesn't have NAME. So assuming NAME as system
 [Hsm 55-1484] MSS file doesn't have NAME. So assuming NAME as system
14:12:45 WARN  :  [Hsm 55-1484] MSS file doesn't have NAME. So assuming NAME as system
 [Hsm 55-1484] MSS file doesn't have NAME. So assuming NAME as system
14:13:50 ERROR : Unexpected error while parsing XMD response ?: com.google.gson.JsonSyntaxException: com.google.gson.stream.MalformedJsonException: invalid number or unquoted string near 
